<?xml version="1.0" encoding="UTF-8"?>
<!-- Generated by org.testng.reporters.JUnitReportReporter -->
<testsuite hostname="User-PC" failures="0" tests="1" name="testCases.LoginTest_001" time="1.865" errors="0" timestamp="29 Nov 2020 14:04:29 GMT" skipped="0">
  <testcase classname="testCases.LoginTest_001" name="login" time="1.865"/>
</testsuite> <!-- testCases.LoginTest_001 -->
