<?xml version="1.0" encoding="UTF-8"?>
<!-- Generated by org.testng.reporters.JUnitReportReporter -->
<testsuite hostname="User-PC" failures="0" tests="1" name="testCases.AddEmployeeTest_002" time="16.912" errors="0" timestamp="29 Nov 2020 14:07:49 GMT" skipped="0">
  <testcase classname="testCases.AddEmployeeTest_002" name="addEmployee" time="16.912"/>
</testsuite> <!-- testCases.AddEmployeeTest_002 -->
