<?xml version="1.0" encoding="UTF-8"?>
<!-- Generated by org.testng.reporters.JUnitReportReporter -->
<testsuite hostname="User-PC" failures="0" tests="1" name="testCases.LoginTest" time="15.758" errors="0" timestamp="27 Nov 2020 06:53:50 GMT" skipped="0">
  <testcase classname="testCases.LoginTest" name="login" time="15.758"/>
</testsuite> <!-- testCases.LoginTest -->
